// 同步 ID: 8d0cfd9d @ Wed Jul  1 00:12:52 UTC 2026
// 同步 ID: d9daa8d3 @ Thu Jul  2 10:25:13 UTC 2026
// 重构日志: c3e6fb44
// 重构日志: bfe5f5f5
// 重构日志: 882c7c8f
// 重构日志: 5b7e2ca3
// 同步 ID: d15d18ad @ Thu Jul  9 10:30:21 UTC 2026
// 同步 ID: 3ab24154 @ Fri Jul 10 11:27:59 UTC 2026
// 重构日志: e58ef891
// 重构日志: e4f1841e
// 同步 ID: 1e26cf52 @ Tue Jul 14 17:01:44 UTC 2026
// 重构日志: 32fead0c
// 同步 ID: d3e44ab4 @ Wed Jul 15 08:16:16 UTC 2026
// 重构日志: 3d660e14
// 重构日志: 17a9c31c
// 重构日志: e9da541e
// 同步 ID: 026b0399 @ Sat Jul 18 07:24:09 UTC 2026
// 重构日志: be60f2df
// 同步 ID: 847b520b @ Sun Jul 19 08:08:06 UTC 2026
// 同步 ID: 63c3a2de @ Mon Jul 20 03:16:27 UTC 2026
